2026-05-16 12:41:01,203 INFO o.a.j.u.JMeterUtils: Setting Locale to en_EN
2026-05-16 12:41:01,323 INFO o.a.j.JMeter: Loading user properties from: D:\apache-jmeter-5.6.3\bin\user.properties
2026-05-16 12:41:01,328 INFO o.a.j.JMeter: Loading system properties from: D:\apache-jmeter-5.6.3\bin\system.properties
2026-05-16 12:41:01,369 INFO o.a.j.JMeter: Copyright (c) 1998-2024 The Apache Software Foundation
2026-05-16 12:41:01,369 INFO o.a.j.JMeter: Version 5.6.3
2026-05-16 12:41:01,370 INFO o.a.j.JMeter: java.version=25.0.3
2026-05-16 12:41:01,370 INFO o.a.j.JMeter: java.vm.name=OpenJDK 64-Bit Server VM
2026-05-16 12:41:01,370 INFO o.a.j.JMeter: os.name=Windows 11
2026-05-16 12:41:01,370 INFO o.a.j.JMeter: os.arch=amd64
2026-05-16 12:41:01,370 INFO o.a.j.JMeter: os.version=10.0
2026-05-16 12:41:01,371 INFO o.a.j.JMeter: file.encoding=UTF-8
2026-05-16 12:41:01,371 INFO o.a.j.JMeter: java.awt.headless=true
2026-05-16 12:41:01,372 INFO o.a.j.JMeter: Max memory     =1073741824
2026-05-16 12:41:01,373 INFO o.a.j.JMeter: Available Processors =4
2026-05-16 12:41:01,434 INFO o.a.j.JMeter: Default Locale=English (EN)
2026-05-16 12:41:01,437 INFO o.a.j.JMeter: JMeter  Locale=English (EN)
2026-05-16 12:41:01,437 INFO o.a.j.JMeter: JMeterHome=D:\apache-jmeter-5.6.3
2026-05-16 12:41:01,438 INFO o.a.j.JMeter: user.dir  =D:\СумДу\АВТОМАТИЗАЦІЯ ТЕСТУВАННЯ\ПРОЕКТ З РАГ\resilience-profiler\backend
2026-05-16 12:41:01,440 INFO o.a.j.JMeter: PWD       =D:\СумДу\АВТОМАТИЗАЦІЯ ТЕСТУВАННЯ\ПРОЕКТ З РАГ\resilience-profiler\backend
2026-05-16 12:41:01,452 INFO o.a.j.JMeter: IP: 192.168.31.6 Name: ZenBook FullName: ZenBook
2026-05-16 12:41:01,515 INFO o.a.j.s.FileServer: Default base='D:\СумДу\АВТОМАТИЗАЦІЯ ТЕСТУВАННЯ\ПРОЕКТ З РАГ\resilience-profiler\backend'
2026-05-16 12:41:01,518 INFO o.a.j.s.FileServer: Set new base='D:\СумДу\АВТОМАТИЗАЦІЯ ТЕСТУВАННЯ\ПРОЕКТ З РАГ\resilience-profiler\backend\tests\performance'
2026-05-16 12:41:02,673 INFO o.a.j.s.SaveService: Testplan (JMX) version: 2.2. Testlog (JTL) version: 2.2
2026-05-16 12:41:02,748 INFO o.a.j.s.SaveService: Using SaveService properties version 5.0
2026-05-16 12:41:02,757 INFO o.a.j.s.SaveService: Using SaveService properties file encoding UTF-8
2026-05-16 12:41:02,768 INFO o.a.j.s.SaveService: Loading file: D:\СумДу\АВТОМАТИЗАЦІЯ ТЕСТУВАННЯ\ПРОЕКТ З РАГ\resilience-profiler\backend\tests\performance\load_test.jmx
2026-05-16 12:41:02,899 INFO o.a.j.p.h.s.HTTPSamplerBase: Parser for text/html is org.apache.jmeter.protocol.http.parser.LagartoBasedHtmlParser
2026-05-16 12:41:02,901 INFO o.a.j.p.h.s.HTTPSamplerBase: Parser for application/xhtml+xml is org.apache.jmeter.protocol.http.parser.LagartoBasedHtmlParser
2026-05-16 12:41:02,901 INFO o.a.j.p.h.s.HTTPSamplerBase: Parser for application/xml is org.apache.jmeter.protocol.http.parser.LagartoBasedHtmlParser
2026-05-16 12:41:02,901 INFO o.a.j.p.h.s.HTTPSamplerBase: Parser for text/xml is org.apache.jmeter.protocol.http.parser.LagartoBasedHtmlParser
2026-05-16 12:41:02,901 INFO o.a.j.p.h.s.HTTPSamplerBase: Parser for text/vnd.wap.wml is org.apache.jmeter.protocol.http.parser.RegexpHTMLParser
2026-05-16 12:41:02,902 INFO o.a.j.p.h.s.HTTPSamplerBase: Parser for text/css is org.apache.jmeter.protocol.http.parser.CssParser
2026-05-16 12:41:02,970 INFO o.a.j.JMeter: Creating summariser <summary>
2026-05-16 12:41:03,005 INFO o.a.j.e.StandardJMeterEngine: Running the test!
2026-05-16 12:41:03,007 INFO o.a.j.s.SampleEvent: List of sample_variables: []
2026-05-16 12:41:03,007 INFO o.a.j.s.SampleEvent: List of sample_variables: []
2026-05-16 12:41:03,023 INFO o.a.j.e.u.CompoundVariable: Note: Function class names must contain the string: '.functions.'
2026-05-16 12:41:03,024 INFO o.a.j.e.u.CompoundVariable: Note: Function class names must not contain the string: '.gui.'
2026-05-16 12:41:03,266 INFO o.a.j.JMeter: Running test (1778924463266)
2026-05-16 12:41:03,338 INFO o.a.j.e.StandardJMeterEngine: Starting ThreadGroup: 1 : Thread Group
2026-05-16 12:41:03,339 INFO o.a.j.e.StandardJMeterEngine: Starting 50 threads for group Thread Group.
2026-05-16 12:41:03,339 INFO o.a.j.e.StandardJMeterEngine: Thread will continue on error
2026-05-16 12:41:03,340 INFO o.a.j.t.ThreadGroup: Starting thread group... number=1 threads=50 ramp-up=30 delayedStart=false
2026-05-16 12:41:03,366 INFO o.a.j.t.JMeterThread: Thread started: Thread Group 1-1
2026-05-16 12:41:03,422 INFO o.a.j.t.ThreadGroup: Started thread group number 1
2026-05-16 12:41:03,422 INFO o.a.j.e.StandardJMeterEngine: All thread groups have been started
2026-05-16 12:41:03,426 INFO o.a.j.p.h.s.HTTPHCAbstractImpl: Local host = ZenBook
2026-05-16 12:41:03,438 INFO o.a.j.p.h.s.HTTPHC4Impl: HTTP request retry count = 0
2026-05-16 12:41:03,441 INFO o.a.j.s.SampleResult: Note: Sample TimeStamps are START times
2026-05-16 12:41:03,442 INFO o.a.j.s.SampleResult: sampleresult.default.encoding is set to UTF-8
2026-05-16 12:41:03,442 INFO o.a.j.s.SampleResult: sampleresult.useNanoTime=true
2026-05-16 12:41:03,442 INFO o.a.j.s.SampleResult: sampleresult.nanoThreadSleep=5000
2026-05-16 12:41:03,956 INFO o.a.j.t.JMeterThread: Thread started: Thread Group 1-2
2026-05-16 12:41:04,034 INFO o.a.j.r.Summariser: summary +      1 in 00:00:01 =    1.3/s Avg:   414 Min:   414 Max:   414 Err:     0 (0.00%) Active: 2 Started: 2 Finished: 0
2026-05-16 12:41:04,557 INFO o.a.j.t.JMeterThread: Thread started: Thread Group 1-3
2026-05-16 12:41:05,161 INFO o.a.j.t.JMeterThread: Thread started: Thread Group 1-4
2026-05-16 12:41:05,830 INFO o.a.j.t.JMeterThread: Thread started: Thread Group 1-5
2026-05-16 12:41:06,431 INFO o.a.j.t.JMeterThread: Thread started: Thread Group 1-6
2026-05-16 12:41:06,991 INFO o.a.j.t.JMeterThread: Thread started: Thread Group 1-7
2026-05-16 12:41:07,595 INFO o.a.j.t.JMeterThread: Thread started: Thread Group 1-8
2026-05-16 12:41:08,202 INFO o.a.j.t.JMeterThread: Thread started: Thread Group 1-9
2026-05-16 12:41:08,813 INFO o.a.j.t.JMeterThread: Thread started: Thread Group 1-10
2026-05-16 12:41:09,420 INFO o.a.j.t.JMeterThread: Thread started: Thread Group 1-11
2026-05-16 12:41:10,014 INFO o.a.j.t.JMeterThread: Thread started: Thread Group 1-12
2026-05-16 12:41:10,733 INFO o.a.j.t.JMeterThread: Thread started: Thread Group 1-13
2026-05-16 12:41:11,296 INFO o.a.j.t.JMeterThread: Thread started: Thread Group 1-14
2026-05-16 12:41:11,839 INFO o.a.j.t.JMeterThread: Thread started: Thread Group 1-15
2026-05-16 12:41:12,391 INFO o.a.j.t.JMeterThread: Thread started: Thread Group 1-16
2026-05-16 12:41:12,980 INFO o.a.j.t.JMeterThread: Thread started: Thread Group 1-17
2026-05-16 12:41:13,568 INFO o.a.j.t.JMeterThread: Thread started: Thread Group 1-18
2026-05-16 12:41:14,266 INFO o.a.j.t.JMeterThread: Thread started: Thread Group 1-19
2026-05-16 12:41:14,831 INFO o.a.j.t.JMeterThread: Thread started: Thread Group 1-20
2026-05-16 12:41:15,364 INFO o.a.j.t.JMeterThread: Thread started: Thread Group 1-21
2026-05-16 12:41:16,013 INFO o.a.j.t.JMeterThread: Thread started: Thread Group 1-22
2026-05-16 12:41:16,636 INFO o.a.j.t.JMeterThread: Thread started: Thread Group 1-23
2026-05-16 12:41:17,216 INFO o.a.j.t.JMeterThread: Thread started: Thread Group 1-24
2026-05-16 12:41:17,812 INFO o.a.j.t.JMeterThread: Thread started: Thread Group 1-25
2026-05-16 12:41:18,650 INFO o.a.j.t.JMeterThread: Thread started: Thread Group 1-26
2026-05-16 12:41:18,972 INFO o.a.j.t.JMeterThread: Thread started: Thread Group 1-27
2026-05-16 12:41:19,634 INFO o.a.j.t.JMeterThread: Thread started: Thread Group 1-28
2026-05-16 12:41:20,234 INFO o.a.j.t.JMeterThread: Thread started: Thread Group 1-29
2026-05-16 12:41:20,767 INFO o.a.j.t.JMeterThread: Thread started: Thread Group 1-30
2026-05-16 12:41:21,420 INFO o.a.j.t.JMeterThread: Thread started: Thread Group 1-31
2026-05-16 12:41:21,941 INFO o.a.j.t.JMeterThread: Thread started: Thread Group 1-32
2026-05-16 12:41:22,542 INFO o.a.j.t.JMeterThread: Thread started: Thread Group 1-33
2026-05-16 12:41:23,183 INFO o.a.j.t.JMeterThread: Thread started: Thread Group 1-34
2026-05-16 12:41:23,798 INFO o.a.j.t.JMeterThread: Thread started: Thread Group 1-35
2026-05-16 12:41:25,163 INFO o.a.j.t.JMeterThread: Thread started: Thread Group 1-36
2026-05-16 12:41:25,228 INFO o.a.j.t.JMeterThread: Thread started: Thread Group 1-37
2026-05-16 12:41:25,602 INFO o.a.j.t.JMeterThread: Thread started: Thread Group 1-38
2026-05-16 12:41:26,199 INFO o.a.j.t.JMeterThread: Thread started: Thread Group 1-39
2026-05-16 12:41:26,780 INFO o.a.j.t.JMeterThread: Thread started: Thread Group 1-40
2026-05-16 12:41:27,361 INFO o.a.j.t.JMeterThread: Thread started: Thread Group 1-41
2026-05-16 12:41:27,998 INFO o.a.j.t.JMeterThread: Thread started: Thread Group 1-42
2026-05-16 12:41:28,601 INFO o.a.j.t.JMeterThread: Thread started: Thread Group 1-43
2026-05-16 12:41:29,885 INFO o.a.j.t.JMeterThread: Thread started: Thread Group 1-44
2026-05-16 12:41:29,898 INFO o.a.j.t.JMeterThread: Thread started: Thread Group 1-45
2026-05-16 12:41:30,241 INFO o.a.j.r.Summariser: summary +    162 in 00:00:26 =    6.2/s Avg:  2840 Min:   301 Max:  8468 Err:     0 (0.00%) Active: 45 Started: 45 Finished: 0
2026-05-16 12:41:30,512 INFO o.a.j.r.Summariser: summary =    163 in 00:00:27 =    6.0/s Avg:  2825 Min:   301 Max:  8468 Err:     0 (0.00%)
2026-05-16 12:41:30,516 INFO o.a.j.t.JMeterThread: Thread started: Thread Group 1-46
2026-05-16 12:41:31,069 INFO o.a.j.t.JMeterThread: Thread started: Thread Group 1-47
2026-05-16 12:41:31,633 INFO o.a.j.t.JMeterThread: Thread started: Thread Group 1-48
2026-05-16 12:41:32,152 INFO o.a.j.t.JMeterThread: Thread started: Thread Group 1-49
2026-05-16 12:41:32,822 INFO o.a.j.t.JMeterThread: Thread started: Thread Group 1-50
2026-05-16 12:42:00,224 INFO o.a.j.r.Summariser: summary +    131 in 00:00:30 =    4.4/s Avg: 10257 Min:  2024 Max: 22885 Err:     0 (0.00%) Active: 50 Started: 50 Finished: 0
2026-05-16 12:42:00,224 INFO o.a.j.r.Summariser: summary =    294 in 00:00:57 =    5.2/s Avg:  6136 Min:   301 Max: 22885 Err:     0 (0.00%)
2026-05-16 12:42:12,118 INFO o.a.j.t.JMeterThread: Thread is done: Thread Group 1-1
2026-05-16 12:42:12,118 INFO o.a.j.t.JMeterThread: Thread finished: Thread Group 1-1
2026-05-16 12:42:22,769 INFO o.a.j.t.JMeterThread: Thread is done: Thread Group 1-2
2026-05-16 12:42:22,769 INFO o.a.j.t.JMeterThread: Thread finished: Thread Group 1-2
2026-05-16 12:42:30,050 INFO o.a.j.r.Summariser: summary +    215 in 00:00:30 =    7.2/s Avg:  7348 Min:  1979 Max: 14615 Err:     0 (0.00%) Active: 48 Started: 50 Finished: 2
2026-05-16 12:42:30,051 INFO o.a.j.r.Summariser: summary =    509 in 00:01:27 =    5.9/s Avg:  6648 Min:   301 Max: 22885 Err:     0 (0.00%)
2026-05-16 12:42:41,370 INFO o.a.j.t.JMeterThread: Thread is done: Thread Group 1-3
2026-05-16 12:42:41,370 INFO o.a.j.t.JMeterThread: Thread finished: Thread Group 1-3
2026-05-16 12:42:51,844 INFO o.a.j.t.JMeterThread: Thread is done: Thread Group 1-4
2026-05-16 12:42:51,844 INFO o.a.j.t.JMeterThread: Thread finished: Thread Group 1-4
2026-05-16 12:42:55,273 INFO o.a.j.t.JMeterThread: Thread is done: Thread Group 1-8
2026-05-16 12:42:55,273 INFO o.a.j.t.JMeterThread: Thread finished: Thread Group 1-8
2026-05-16 12:42:56,712 INFO o.a.j.t.JMeterThread: Thread is done: Thread Group 1-6
2026-05-16 12:42:56,713 INFO o.a.j.t.JMeterThread: Thread finished: Thread Group 1-6
2026-05-16 12:42:57,363 INFO o.a.j.t.JMeterThread: Thread is done: Thread Group 1-10
2026-05-16 12:42:57,363 INFO o.a.j.t.JMeterThread: Thread finished: Thread Group 1-10
2026-05-16 12:43:00,014 INFO o.a.j.r.Summariser: summary +    226 in 00:00:30 =    7.5/s Avg:  6339 Min:  1454 Max: 15309 Err:     0 (0.00%) Active: 43 Started: 50 Finished: 7
2026-05-16 12:43:00,015 INFO o.a.j.r.Summariser: summary =    735 in 00:01:57 =    6.3/s Avg:  6553 Min:   301 Max: 22885 Err:     0 (0.00%)
2026-05-16 12:43:00,169 INFO o.a.j.t.JMeterThread: Thread is done: Thread Group 1-9
2026-05-16 12:43:00,170 INFO o.a.j.t.JMeterThread: Thread finished: Thread Group 1-9
2026-05-16 12:43:02,578 INFO o.a.j.t.JMeterThread: Thread is done: Thread Group 1-11
2026-05-16 12:43:02,579 INFO o.a.j.t.JMeterThread: Thread finished: Thread Group 1-11
2026-05-16 12:43:03,307 INFO o.a.j.t.JMeterThread: Thread is done: Thread Group 1-5
2026-05-16 12:43:03,308 INFO o.a.j.t.JMeterThread: Thread finished: Thread Group 1-5
2026-05-16 12:43:04,896 INFO o.a.j.t.JMeterThread: Thread is done: Thread Group 1-12
2026-05-16 12:43:04,896 INFO o.a.j.t.JMeterThread: Thread finished: Thread Group 1-12
2026-05-16 12:43:07,165 INFO o.a.j.t.JMeterThread: Thread is done: Thread Group 1-14
2026-05-16 12:43:07,165 INFO o.a.j.t.JMeterThread: Thread finished: Thread Group 1-14
2026-05-16 12:43:07,222 INFO o.a.j.t.JMeterThread: Thread is done: Thread Group 1-7
2026-05-16 12:43:07,223 INFO o.a.j.t.JMeterThread: Thread finished: Thread Group 1-7
2026-05-16 12:43:07,597 INFO o.a.j.t.JMeterThread: Thread is done: Thread Group 1-16
2026-05-16 12:43:07,597 INFO o.a.j.t.JMeterThread: Thread finished: Thread Group 1-16
2026-05-16 12:43:17,848 INFO o.a.j.t.JMeterThread: Thread is done: Thread Group 1-18
2026-05-16 12:43:17,848 INFO o.a.j.t.JMeterThread: Thread finished: Thread Group 1-18
2026-05-16 12:43:18,585 INFO o.a.j.t.JMeterThread: Thread is done: Thread Group 1-13
2026-05-16 12:43:18,586 INFO o.a.j.t.JMeterThread: Thread finished: Thread Group 1-13
2026-05-16 12:43:24,121 INFO o.a.j.t.JMeterThread: Thread is done: Thread Group 1-25
2026-05-16 12:43:24,122 INFO o.a.j.t.JMeterThread: Thread finished: Thread Group 1-25
2026-05-16 12:43:24,638 INFO o.a.j.t.JMeterThread: Thread is done: Thread Group 1-15
2026-05-16 12:43:24,638 INFO o.a.j.t.JMeterThread: Thread finished: Thread Group 1-15
2026-05-16 12:43:25,939 INFO o.a.j.t.JMeterThread: Thread is done: Thread Group 1-19
2026-05-16 12:43:25,939 INFO o.a.j.t.JMeterThread: Thread finished: Thread Group 1-19
2026-05-16 12:43:27,468 INFO o.a.j.t.JMeterThread: Thread is done: Thread Group 1-17
2026-05-16 12:43:27,468 INFO o.a.j.t.JMeterThread: Thread finished: Thread Group 1-17
2026-05-16 12:43:27,778 INFO o.a.j.t.JMeterThread: Thread is done: Thread Group 1-22
2026-05-16 12:43:27,778 INFO o.a.j.t.JMeterThread: Thread finished: Thread Group 1-22
2026-05-16 12:43:27,836 INFO o.a.j.t.JMeterThread: Thread is done: Thread Group 1-24
2026-05-16 12:43:27,836 INFO o.a.j.t.JMeterThread: Thread finished: Thread Group 1-24
2026-05-16 12:43:30,179 INFO o.a.j.r.Summariser: summary +    205 in 00:00:30 =    6.8/s Avg:  5742 Min:  2140 Max: 13862 Err:     0 (0.00%) Active: 28 Started: 50 Finished: 22
2026-05-16 12:43:30,180 INFO o.a.j.r.Summariser: summary =    940 in 00:02:27 =    6.4/s Avg:  6376 Min:   301 Max: 22885 Err:     0 (0.00%)
2026-05-16 12:43:30,834 INFO o.a.j.t.JMeterThread: Thread is done: Thread Group 1-27
2026-05-16 12:43:30,834 INFO o.a.j.t.JMeterThread: Thread finished: Thread Group 1-27
2026-05-16 12:43:30,875 INFO o.a.j.t.JMeterThread: Thread is done: Thread Group 1-35
2026-05-16 12:43:30,875 INFO o.a.j.t.JMeterThread: Thread finished: Thread Group 1-35
2026-05-16 12:43:31,176 INFO o.a.j.t.JMeterThread: Thread is done: Thread Group 1-28
2026-05-16 12:43:31,177 INFO o.a.j.t.JMeterThread: Thread finished: Thread Group 1-28
2026-05-16 12:43:31,196 INFO o.a.j.t.JMeterThread: Thread is done: Thread Group 1-20
2026-05-16 12:43:31,196 INFO o.a.j.t.JMeterThread: Thread finished: Thread Group 1-20
2026-05-16 12:43:31,259 INFO o.a.j.t.JMeterThread: Thread is done: Thread Group 1-26
2026-05-16 12:43:31,259 INFO o.a.j.t.JMeterThread: Thread finished: Thread Group 1-26
2026-05-16 12:43:31,535 INFO o.a.j.t.JMeterThread: Thread is done: Thread Group 1-36
2026-05-16 12:43:31,536 INFO o.a.j.t.JMeterThread: Thread finished: Thread Group 1-36
2026-05-16 12:43:32,136 INFO o.a.j.t.JMeterThread: Thread is done: Thread Group 1-21
2026-05-16 12:43:32,136 INFO o.a.j.t.JMeterThread: Thread finished: Thread Group 1-21
2026-05-16 12:43:32,564 INFO o.a.j.t.JMeterThread: Thread is done: Thread Group 1-23
2026-05-16 12:43:32,564 INFO o.a.j.t.JMeterThread: Thread finished: Thread Group 1-23
2026-05-16 12:43:32,855 INFO o.a.j.t.JMeterThread: Thread is done: Thread Group 1-31
2026-05-16 12:43:32,855 INFO o.a.j.t.JMeterThread: Thread finished: Thread Group 1-31
2026-05-16 12:43:33,473 INFO o.a.j.t.JMeterThread: Thread is done: Thread Group 1-42
2026-05-16 12:43:33,473 INFO o.a.j.t.JMeterThread: Thread finished: Thread Group 1-42
2026-05-16 12:43:34,318 INFO o.a.j.t.JMeterThread: Thread is done: Thread Group 1-29
2026-05-16 12:43:34,318 INFO o.a.j.t.JMeterThread: Thread finished: Thread Group 1-29
2026-05-16 12:43:34,548 INFO o.a.j.t.JMeterThread: Thread is done: Thread Group 1-39
2026-05-16 12:43:34,549 INFO o.a.j.t.JMeterThread: Thread finished: Thread Group 1-39
2026-05-16 12:43:34,622 INFO o.a.j.t.JMeterThread: Thread is done: Thread Group 1-40
2026-05-16 12:43:34,622 INFO o.a.j.t.JMeterThread: Thread finished: Thread Group 1-40
2026-05-16 12:43:34,717 INFO o.a.j.t.JMeterThread: Thread is done: Thread Group 1-30
2026-05-16 12:43:34,717 INFO o.a.j.t.JMeterThread: Thread finished: Thread Group 1-30
2026-05-16 12:43:34,906 INFO o.a.j.t.JMeterThread: Thread is done: Thread Group 1-46
2026-05-16 12:43:34,906 INFO o.a.j.t.JMeterThread: Thread finished: Thread Group 1-46
2026-05-16 12:43:34,914 INFO o.a.j.t.JMeterThread: Thread is done: Thread Group 1-34
2026-05-16 12:43:34,914 INFO o.a.j.t.JMeterThread: Thread finished: Thread Group 1-34
2026-05-16 12:43:34,961 INFO o.a.j.t.JMeterThread: Thread is done: Thread Group 1-33
2026-05-16 12:43:34,961 INFO o.a.j.t.JMeterThread: Thread finished: Thread Group 1-33
2026-05-16 12:43:35,988 INFO o.a.j.t.JMeterThread: Thread is done: Thread Group 1-38
2026-05-16 12:43:35,988 INFO o.a.j.t.JMeterThread: Thread finished: Thread Group 1-38
2026-05-16 12:43:36,523 INFO o.a.j.t.JMeterThread: Thread is done: Thread Group 1-37
2026-05-16 12:43:36,523 INFO o.a.j.t.JMeterThread: Thread finished: Thread Group 1-37
2026-05-16 12:43:36,865 INFO o.a.j.t.JMeterThread: Thread is done: Thread Group 1-41
2026-05-16 12:43:36,865 INFO o.a.j.t.JMeterThread: Thread finished: Thread Group 1-41
2026-05-16 12:43:36,896 INFO o.a.j.t.JMeterThread: Thread is done: Thread Group 1-32
2026-05-16 12:43:36,896 INFO o.a.j.t.JMeterThread: Thread finished: Thread Group 1-32
2026-05-16 12:43:37,037 INFO o.a.j.t.JMeterThread: Thread is done: Thread Group 1-44
2026-05-16 12:43:37,037 INFO o.a.j.t.JMeterThread: Thread finished: Thread Group 1-44
2026-05-16 12:43:37,253 INFO o.a.j.t.JMeterThread: Thread is done: Thread Group 1-48
2026-05-16 12:43:37,254 INFO o.a.j.t.JMeterThread: Thread finished: Thread Group 1-48
2026-05-16 12:43:38,148 INFO o.a.j.t.JMeterThread: Thread is done: Thread Group 1-49
2026-05-16 12:43:38,148 INFO o.a.j.t.JMeterThread: Thread finished: Thread Group 1-49
2026-05-16 12:43:38,200 INFO o.a.j.t.JMeterThread: Thread is done: Thread Group 1-50
2026-05-16 12:43:38,201 INFO o.a.j.t.JMeterThread: Thread finished: Thread Group 1-50
2026-05-16 12:43:38,271 INFO o.a.j.t.JMeterThread: Thread is done: Thread Group 1-47
2026-05-16 12:43:38,271 INFO o.a.j.t.JMeterThread: Thread finished: Thread Group 1-47
2026-05-16 12:43:38,310 INFO o.a.j.t.JMeterThread: Thread is done: Thread Group 1-43
2026-05-16 12:43:38,310 INFO o.a.j.t.JMeterThread: Thread finished: Thread Group 1-43
2026-05-16 12:43:38,316 INFO o.a.j.t.JMeterThread: Thread is done: Thread Group 1-45
2026-05-16 12:43:38,316 INFO o.a.j.t.JMeterThread: Thread finished: Thread Group 1-45
2026-05-16 12:43:38,317 INFO o.a.j.e.StandardJMeterEngine: Notifying test listeners of end of test
2026-05-16 12:43:38,319 INFO o.a.j.r.Summariser: summary +     60 in 00:00:08 =    7.4/s Avg:  2898 Min:  1046 Max:  5150 Err:     0 (0.00%) Active: 0 Started: 50 Finished: 50
2026-05-16 12:43:38,320 INFO o.a.j.r.Summariser: summary =   1000 in 00:02:35 =    6.4/s Avg:  6167 Min:   301 Max: 22885 Err:     0 (0.00%)
